<?xml version="1.0" encoding="UTF-8"?>

<beans xmlns="http://www.springframework.org/schema/beans"
       xmlns:xsi="http://www.w3.org/2001/XMLSchema-instance"
       xmlns:tx="http://www.springframework.org/schema/tx" xmlns:jdbc="http://www.springframework.org/schema/jdbc"
       xsi:schemaLocation="http://www.springframework.org/schema/beans http://www.springframework.org/schema/beans/spring-beans.xsd http://www.springframework.org/schema/tx http://www.springframework.org/schema/tx/spring-tx.xsd http://www.springframework.org/schema/jdbc http://www.springframework.org/schema/jdbc/spring-jdbc.xsd">

    <!-- aop -->
    <tx:annotation-driven/>

    <!-- db -->
    <jdbc:embedded-database id="embeddedDatabase" type="H2">
        <jdbc:script location="classpath:/com/cspark/books/toby/learningtest/embeddeddb/schma.sql"/>
    </jdbc:embedded-database>

    <!-- sql service -->

    <!-- application component -->

</beans>