<?xml version="1.0" encoding="UTF-8"?>

<beans xmlns="http://www.springframework.org/schema/beans"
       xmlns:xsi="http://www.w3.org/2001/XMLSchema-instance"
       xsi:schemaLocation="http://www.springframework.org/schema/beans http://www.springframework.org/schema/beans/spring-beans.xsd">

    <!-- aop -->

    <!-- db -->

    <!-- sql service -->
    <bean id="sqlService" class="com.cspark.books.toby.sqlservice.OxmSqlService">
        <property name="unmarshaller" ref="unmarshaller"/>
        <property name="sqlmap" value="classpath:com/cspark/books/toby/dao/sqlmap.xml"/>
        <property name="sqlRegistry" ref="sqlRegistry"/>
    </bean>

    <bean id="unmarshaller" class="org.springframework.oxm.jaxb.Jaxb2Marshaller">
        <property name="contextPath" value="com.cspark.books.toby.sqlservice.jaxb"/>
    </bean>

    <bean id="sqlRegistry" class="com.cspark.books.toby.sqlservice.ConcurrentHashMapSqlRegistry"/>

    <bean id="updatableSqlRegistry" class="com.cspark.books.toby.sqlservice.EmbeddedDbSqlRegistry">
        <property name="dataSource" ref="dataSource"/>
    </bean>


    <!-- application component -->

</beans>