<?xml version="1.0" encoding="UTF-8"?>

<beans xmlns="http://www.springframework.org/schema/beans"
       xmlns:xsi="http://www.w3.org/2001/XMLSchema-instance"
       xmlns:aop="http://www.springframework.org/schema/aop"
       xsi:schemaLocation="http://www.springframework.org/schema/beans http://www.springframework.org/schema/beans/spring-beans.xsd
                           http://www.springframework.org/schema/aop http://www.springframework.org/schema/aop/spring-aop.xsd">

    <bean id="connectionMaker" class="com.cspark.books.toby.dao.DConnectionMaker"/>

    <bean id="dataSources" class="org.springframework.jdbc.datasource.SimpleDriverDataSource">
        <property name="driverClass" value="org.h2.Driver"/>
        <property name="url" value="jdbc:h2:tcp://localhost//projects/h2data/books/toby"/>
        <property name="username" value="sa"/>
        <property name="password" value=""/>
    </bean>

    <bean id="userService" class="com.cspark.books.toby.service.UserServiceImpl">
        <property name="userDao" ref="userDao"/>
    </bean>

    <bean id="testUserService" class="com.cspark.books.toby.service.UserServiceTest$TestUserService"
          parent="userService"/>


    <bean id="userDao" class="com.cspark.books.toby.dao.UserDaoJdbc">
        <property name="dataSource" ref="dataSources"/>
    </bean>

    <bean id="transactionManager" class="org.springframework.jdbc.datasource.DataSourceTransactionManager">
        <property name="dataSource" ref="dataSources"/>
    </bean>

    <bean id="transactionAdvice" class="com.cspark.books.toby.service.TransactionAdvice">
        <property name="transactionManager" ref="transactionManager"/>
    </bean>

    <!--
    <aop:config>
        <aop:pointcut id="transactionPointcut" expression="execution(* *..*ServiceImpl.upgrade*(..))"/>
        <aop:advisor advice-ref="transactionAdvice" pointcut-ref="transactionPointcut"/>
    </aop:config>
    -->

    <aop:config>
        <aop:advisor advice-ref="transactionAdvice" pointcut="execution(* *..*ServiceImpl.upgrade*(..))"/>
    </aop:config>

</beans>