<?xml version="1.0" encoding="UTF-8"?>

<sqlmap xmlns="http://www.cspark.com/sqlmap"
        xmlns:xsi="http://www.w3.org/2001/XMLSchema-instance"
        xsi:schemaLoaction="http://www.cspark.com/sqlmap ../sqlservice/jaxb/sqlmap.xsd">
    <sql key="add">INSERT</sql>
    <sql key="get">SELECT</sql>
    <sql key="delete">DELETE</sql>
</sqlmap>